[35m[1mConsolidate compiler generated dependencies of target FindLidar[0m
[ 50%] [32mBuilding CXX object CMakeFiles/FindLidar.dir/src/FindLidar.cpp.o[0m
[01m[K/home/Elaina/lidarfind/lidarfind_ws/src/cpp_get_pkg/src/FindLidar.cpp:[m[K In member function â€˜[01m[Kvoid FindLidar::ProcessData(int)[m[Kâ€™:
[01m[K/home/Elaina/lidarfind/lidarfind_ws/src/cpp_get_pkg/src/FindLidar.cpp:120:31:[m[K [01;35m[Kwarning: [m[Kcomparison of integer expressions of different signedness: â€˜[01m[Kint[m[Kâ€™ and â€˜[01m[Kstd::vector<FindLidar::SaveTFData>::size_type[m[Kâ€™ {aka â€˜[01m[Klong unsigned int[m[Kâ€™} [[01;35m[K]8;;https://gcc.gnu.org/onlinedocs/gcc/Warning-Options.html#index-Wsign-compare-Wsign-compare]8;;[m[K]
  120 |             for (int i = 0; [01;35m[Ki < PlaceList.size()[m[K; ++i)
      |                             [01;35m[K~~^~~~~~~~~~~~~~~~~~[m[K
[01m[K/home/Elaina/lidarfind/lidarfind_ws/src/cpp_get_pkg/src/FindLidar.cpp:145:31:[m[K [01;35m[Kwarning: [m[Kcomparison of integer expressions of different signedness: â€˜[01m[Kint[m[Kâ€™ and â€˜[01m[Kstd::vector<FindLidar::SaveTFData>::size_type[m[Kâ€™ {aka â€˜[01m[Klong unsigned int[m[Kâ€™} [[01;35m[K]8;;https://gcc.gnu.org/onlinedocs/gcc/Warning-Options.html#index-Wsign-compare-Wsign-compare]8;;[m[K]
  145 |             for (int i = 0; [01;35m[Ki < center.size()[m[K; ++i) // è®¡ç®—å¹³å‡å€¼
      |                             [01;35m[K~~^~~~~~~~~~~~~~~[m[K
[01m[K/home/Elaina/lidarfind/lidarfind_ws/src/cpp_get_pkg/src/FindLidar.cpp:153:13:[m[K [01;31m[Kerror: [m[Kâ€˜[01m[Kfile[m[Kâ€™ was not declared in this scope
  153 |             [01;31m[Kfile[m[K << "åœ†å¿ƒä½ç½®è®¡ç®—å®Œæˆï¼ŒåŽŸç‚¹ä½ç½®ä¸ºï¼šx = %.3f , y = %.3f", avg_x, avg_y << endl;
      |             [01;31m[K^~~~[m[K
[01m[K/home/Elaina/lidarfind/lidarfind_ws/src/cpp_get_pkg/src/FindLidar.cpp:153:90:[m[K [01;31m[Kerror: [m[Kâ€˜[01m[Kendl[m[Kâ€™ was not declared in this scope; did you mean â€˜[01m[Kstd::endl[m[Kâ€™?
  153 |             file << "åœ†å¿ƒä½ç½®è®¡ç®—å®Œæˆï¼ŒåŽŸç‚¹ä½ç½®ä¸ºï¼šx = %.3f , y = %.3f", avg_x, avg_y << [01;31m[Kendl[m[K;
      |                                                                                          [01;31m[K^~~~[m[K
      |                                                                                          [32m[Kstd::endl[m[K
In file included from [01m[K/usr/include/c++/11/iostream:39[m[K,
                 from [01m[K/opt/ros/humble/include/rclcpp/rclcpp/executor.hpp:22[m[K,
                 from [01m[K/opt/ros/humble/include/rclcpp/rclcpp/executors/multi_threaded_executor.hpp:25[m[K,
                 from [01m[K/opt/ros/humble/include/rclcpp/rclcpp/executors.hpp:21[m[K,
                 from [01m[K/opt/ros/humble/include/rclcpp/rclcpp/rclcpp.hpp:155[m[K,
                 from [01m[K/home/Elaina/lidarfind/lidarfind_ws/src/cpp_get_pkg/src/FindLidar.cpp:1[m[K:
[01m[K/usr/include/c++/11/ostream:684:5:[m[K [01;36m[Knote: [m[Kâ€˜[01m[Kstd::endl[m[Kâ€™ declared here
  684 |     [01;36m[Kendl[m[K(basic_ostream<_CharT, _Traits>& __os)
      |     [01;36m[K^~~~[m[K
[01m[K/home/Elaina/lidarfind/lidarfind_ws/src/cpp_get_pkg/src/FindLidar.cpp:[m[K In function â€˜[01m[Kint main(int, char**)[m[Kâ€™:
[01m[K/home/Elaina/lidarfind/lidarfind_ws/src/cpp_get_pkg/src/FindLidar.cpp:199:38:[m[K [01;31m[Kerror: [m[Kâ€˜[01m[Kios[m[Kâ€™ has not been declared
  199 |     std::ofstream file("output.txt", [01;31m[Kios[m[K::app);
      |                                      [01;31m[K^~~[m[K
gmake[2]: *** [CMakeFiles/FindLidar.dir/build.make:76: CMakeFiles/FindLidar.dir/src/FindLidar.cpp.o] Error 1
gmake[1]: *** [CMakeFiles/Makefile2:137: CMakeFiles/FindLidar.dir/all] Error 2
gmake: *** [Makefile:146: all] Error 2
