-- Found ament_cmake: 1.3.11 (/opt/ros/humble/share/ament_cmake/cmake)
-- Found rclcpp: 16.0.12 (/opt/ros/humble/share/rclcpp/cmake)
-- Found rosidl_generator_c: 3.1.6 (/opt/ros/humble/share/rosidl_generator_c/cmake)
-- Found rosidl_adapter: 3.1.6 (/opt/ros/humble/share/rosidl_adapter/cmake)
-- Found rosidl_generator_cpp: 3.1.6 (/opt/ros/humble/share/rosidl_generator_cpp/cmake)
-- Using all available rosidl_typesupport_c: rosidl_typesupport_fastrtps_c;rosidl_typesupport_introspection_c
-- Using all available rosidl_typesupport_cpp: rosidl_typesupport_fastrtps_cpp;rosidl_typesupport_introspection_cpp
-- Found rmw_implementation_cmake: 6.1.2 (/opt/ros/humble/share/rmw_implementation_cmake/cmake)
-- Found rmw_cyclonedds_cpp: 1.3.4 (/opt/ros/humble/share/rmw_cyclonedds_cpp/cmake)
-- Using RMW implementation 'rmw_cyclonedds_cpp' as default
-- Found tf2_ros: 0.25.13 (/opt/ros/humble/share/tf2_ros/cmake)
-- Found visualization_msgs: 4.8.0 (/opt/ros/humble/share/visualization_msgs/cmake)
-- Found ament_lint_auto: 0.12.12 (/opt/ros/humble/share/ament_lint_auto/cmake)
-- Added test 'cppcheck' to perform static code analysis on C / C++ code
-- Configured cppcheck include dirs: 
-- Configured cppcheck exclude dirs and/or files: 
-- Added test 'flake8' to check Python code syntax and style conventions
-- Added test 'lint_cmake' to check CMake code style
-- Added test 'pep257' to check Python code against some of the docstring style conventions in PEP 257
-- Added test 'uncrustify' to check C / C++ code style
-- Configured uncrustify additional arguments: 
-- Added test 'xmllint' to check XML markup files
-- Configuring done
-- Generating done
-- Build files have been written to: /home/Elaina/lidarfind/lidarfind_ws/build/cpp_get_pkg
[35m[1mConsolidate compiler generated dependencies of target FindLidar[0m
[ 50%] [32mBuilding CXX object CMakeFiles/FindLidar.dir/src/FindLidar.cpp.o[0m
[01m[K/home/Elaina/lidarfind/lidarfind_ws/src/cpp_get_pkg/src/FindLidar.cpp:[m[K In constructor â€˜[01m[KFindLidar::FindLidar()[m[Kâ€™:
[01m[K/home/Elaina/lidarfind/lidarfind_ws/src/cpp_get_pkg/src/FindLidar.cpp:53:9:[m[K [01;31m[Kerror: [m[Kâ€˜[01m[Kmarker_[m[Kâ€™ was not declared in this scope; did you mean â€˜[01m[Kmarker[m[Kâ€™?
   53 |         [01;31m[Kmarker_[m[K.header.frame_id = "camera_init"; // ä½ æ˜¾ç¤ºçš„å¹³é¢å‚è€ƒåæ ‡ç³»
      |         [01;31m[K^~~~~~~[m[K
      |         [32m[Kmarker[m[K
[01m[K/home/Elaina/lidarfind/lidarfind_ws/src/cpp_get_pkg/src/FindLidar.cpp:[m[K In member function â€˜[01m[Kint FindLidar::GetTFMessage(FindLidar::SaveTFData&)[m[Kâ€™:
[01m[K/home/Elaina/lidarfind/lidarfind_ws/src/cpp_get_pkg/src/FindLidar.cpp:78:13:[m[K [01;31m[Kerror: [m[Kâ€˜[01m[Kmarker_[m[Kâ€™ was not declared in this scope; did you mean â€˜[01m[Kmarker[m[Kâ€™?
   78 |             [01;31m[Kmarker_[m[K.header.stamp = this->now(); // æ—¶é—´æˆ³
      |             [01;31m[K^~~~~~~[m[K
      |             [32m[Kmarker[m[K
[01m[K/home/Elaina/lidarfind/lidarfind_ws/src/cpp_get_pkg/src/FindLidar.cpp:[m[K In member function â€˜[01m[Kvoid FindLidar::ProcessData(int)[m[Kâ€™:
[01m[K/home/Elaina/lidarfind/lidarfind_ws/src/cpp_get_pkg/src/FindLidar.cpp:148:31:[m[K [01;35m[Kwarning: [m[Kcomparison of integer expressions of different signedness: â€˜[01m[Kint[m[Kâ€™ and â€˜[01m[Kstd::vector<FindLidar::SaveTFData>::size_type[m[Kâ€™ {aka â€˜[01m[Klong unsigned int[m[Kâ€™} [[01;35m[K]8;;https://gcc.gnu.org/onlinedocs/gcc/Warning-Options.html#index-Wsign-compare-Wsign-compare]8;;[m[K]
  148 |             for (int i = 0; [01;35m[Ki < PlaceList.size()[m[K; ++i)
      |                             [01;35m[K~~^~~~~~~~~~~~~~~~~~[m[K
[01m[K/home/Elaina/lidarfind/lidarfind_ws/src/cpp_get_pkg/src/FindLidar.cpp:174:31:[m[K [01;35m[Kwarning: [m[Kcomparison of integer expressions of different signedness: â€˜[01m[Kint[m[Kâ€™ and â€˜[01m[Kstd::vector<FindLidar::SaveTFData>::size_type[m[Kâ€™ {aka â€˜[01m[Klong unsigned int[m[Kâ€™} [[01;35m[K]8;;https://gcc.gnu.org/onlinedocs/gcc/Warning-Options.html#index-Wsign-compare-Wsign-compare]8;;[m[K]
  174 |             for (int i = 0; [01;35m[Ki < center.size()[m[K; ++i) // è®¡ç®—å¹³å‡å€¼
      |                             [01;35m[K~~^~~~~~~~~~~~~~~[m[K
gmake[2]: *** [CMakeFiles/FindLidar.dir/build.make:76: CMakeFiles/FindLidar.dir/src/FindLidar.cpp.o] Error 1
gmake[1]: *** [CMakeFiles/Makefile2:137: CMakeFiles/FindLidar.dir/all] Error 2
gmake: *** [Makefile:146: all] Error 2
