[0.020s] Invoking command in '/home/Elaina/lidarfind/lidarfind_ws/build/cpp_get_pkg': CMAKE_PREFIX_PATH=${CMAKE_PREFIX_PATH}:/home/Elaina/packages/ros_ws/install/ros_tcp_endpoint:/home/Elaina/packages/ros_ws/install/robot_imu:/opt/ros/humble /usr/bin/cmake --build /home/Elaina/lidarfind/lidarfind_ws/build/cpp_get_pkg -- -j22 -l22
[0.040s] -- Found ament_cmake: 1.3.11 (/opt/ros/humble/share/ament_cmake/cmake)
[0.121s] -- Found rclcpp: 16.0.12 (/opt/ros/humble/share/rclcpp/cmake)
[0.138s] -- Found rosidl_generator_c: 3.1.6 (/opt/ros/humble/share/rosidl_generator_c/cmake)
[0.139s] -- Found rosidl_adapter: 3.1.6 (/opt/ros/humble/share/rosidl_adapter/cmake)
[0.142s] -- Found rosidl_generator_cpp: 3.1.6 (/opt/ros/humble/share/rosidl_generator_cpp/cmake)
[0.147s] -- Using all available rosidl_typesupport_c: rosidl_typesupport_fastrtps_c;rosidl_typesupport_introspection_c
[0.154s] -- Using all available rosidl_typesupport_cpp: rosidl_typesupport_fastrtps_cpp;rosidl_typesupport_introspection_cpp
[0.171s] -- Found rmw_implementation_cmake: 6.1.2 (/opt/ros/humble/share/rmw_implementation_cmake/cmake)
[0.172s] -- Found rmw_cyclonedds_cpp: 1.3.4 (/opt/ros/humble/share/rmw_cyclonedds_cpp/cmake)
[0.181s] -- Using RMW implementation 'rmw_cyclonedds_cpp' as default
[0.206s] -- Found tf2_ros: 0.25.13 (/opt/ros/humble/share/tf2_ros/cmake)
[0.256s] -- Found visualization_msgs: 4.8.0 (/opt/ros/humble/share/visualization_msgs/cmake)
[0.279s] -- Found ament_lint_auto: 0.12.12 (/opt/ros/humble/share/ament_lint_auto/cmake)
[0.321s] -- Added test 'cppcheck' to perform static code analysis on C / C++ code
[0.321s] -- Configured cppcheck include dirs: 
[0.321s] -- Configured cppcheck exclude dirs and/or files: 
[0.321s] -- Added test 'flake8' to check Python code syntax and style conventions
[0.321s] -- Added test 'lint_cmake' to check CMake code style
[0.321s] -- Added test 'pep257' to check Python code against some of the docstring style conventions in PEP 257
[0.322s] -- Added test 'uncrustify' to check C / C++ code style
[0.322s] -- Configured uncrustify additional arguments: 
[0.322s] -- Added test 'xmllint' to check XML markup files
[0.322s] -- Configuring done
[0.402s] -- Generating done
[0.407s] -- Build files have been written to: /home/Elaina/lidarfind/lidarfind_ws/build/cpp_get_pkg
[0.433s] [35m[1mConsolidate compiler generated dependencies of target FindLidar[0m
[0.556s] [ 50%] [32mBuilding CXX object CMakeFiles/FindLidar.dir/src/FindLidar.cpp.o[0m
[3.588s] [01m[K/home/Elaina/lidarfind/lidarfind_ws/src/cpp_get_pkg/src/FindLidar.cpp:[m[K In constructor â€˜[01m[KFindLidar::FindLidar()[m[Kâ€™:
[3.588s] [01m[K/home/Elaina/lidarfind/lidarfind_ws/src/cpp_get_pkg/src/FindLidar.cpp:53:9:[m[K [01;31m[Kerror: [m[Kâ€˜[01m[Kmarker_[m[Kâ€™ was not declared in this scope; did you mean â€˜[01m[Kmarker[m[Kâ€™?
[3.589s]    53 |         [01;31m[Kmarker_[m[K.header.frame_id = "camera_init"; // ä½ æ˜¾ç¤ºçš„å¹³é¢å‚è€ƒåæ ‡ç³»
[3.589s]       |         [01;31m[K^~~~~~~[m[K
[3.589s]       |         [32m[Kmarker[m[K
[3.591s] [01m[K/home/Elaina/lidarfind/lidarfind_ws/src/cpp_get_pkg/src/FindLidar.cpp:[m[K In member function â€˜[01m[Kint FindLidar::GetTFMessage(FindLidar::SaveTFData&)[m[Kâ€™:
[3.592s] [01m[K/home/Elaina/lidarfind/lidarfind_ws/src/cpp_get_pkg/src/FindLidar.cpp:78:13:[m[K [01;31m[Kerror: [m[Kâ€˜[01m[Kmarker_[m[Kâ€™ was not declared in this scope; did you mean â€˜[01m[Kmarker[m[Kâ€™?
[3.592s]    78 |             [01;31m[Kmarker_[m[K.header.stamp = this->now(); // æ—¶é—´æˆ³
[3.592s]       |             [01;31m[K^~~~~~~[m[K
[3.592s]       |             [32m[Kmarker[m[K
[3.593s] [01m[K/home/Elaina/lidarfind/lidarfind_ws/src/cpp_get_pkg/src/FindLidar.cpp:[m[K In member function â€˜[01m[Kvoid FindLidar::ProcessData(int)[m[Kâ€™:
[3.594s] [01m[K/home/Elaina/lidarfind/lidarfind_ws/src/cpp_get_pkg/src/FindLidar.cpp:148:31:[m[K [01;35m[Kwarning: [m[Kcomparison of integer expressions of different signedness: â€˜[01m[Kint[m[Kâ€™ and â€˜[01m[Kstd::vector<FindLidar::SaveTFData>::size_type[m[Kâ€™ {aka â€˜[01m[Klong unsigned int[m[Kâ€™} [[01;35m[K]8;;https://gcc.gnu.org/onlinedocs/gcc/Warning-Options.html#index-Wsign-compare-Wsign-compare]8;;[m[K]
[3.594s]   148 |             for (int i = 0; [01;35m[Ki < PlaceList.size()[m[K; ++i)
[3.594s]       |                             [01;35m[K~~^~~~~~~~~~~~~~~~~~[m[K
[3.594s] [01m[K/home/Elaina/lidarfind/lidarfind_ws/src/cpp_get_pkg/src/FindLidar.cpp:174:31:[m[K [01;35m[Kwarning: [m[Kcomparison of integer expressions of different signedness: â€˜[01m[Kint[m[Kâ€™ and â€˜[01m[Kstd::vector<FindLidar::SaveTFData>::size_type[m[Kâ€™ {aka â€˜[01m[Klong unsigned int[m[Kâ€™} [[01;35m[K]8;;https://gcc.gnu.org/onlinedocs/gcc/Warning-Options.html#index-Wsign-compare-Wsign-compare]8;;[m[K]
[3.594s]   174 |             for (int i = 0; [01;35m[Ki < center.size()[m[K; ++i) // è®¡ç®—å¹³å‡å€¼
[3.594s]       |                             [01;35m[K~~^~~~~~~~~~~~~~~[m[K
[4.390s] gmake[2]: *** [CMakeFiles/FindLidar.dir/build.make:76: CMakeFiles/FindLidar.dir/src/FindLidar.cpp.o] Error 1
[4.390s] gmake[1]: *** [CMakeFiles/Makefile2:137: CMakeFiles/FindLidar.dir/all] Error 2
[4.390s] gmake: *** [Makefile:146: all] Error 2
[4.394s] Invoked command in '/home/Elaina/lidarfind/lidarfind_ws/build/cpp_get_pkg' returned '2': CMAKE_PREFIX_PATH=${CMAKE_PREFIX_PATH}:/home/Elaina/packages/ros_ws/install/ros_tcp_endpoint:/home/Elaina/packages/ros_ws/install/robot_imu:/opt/ros/humble /usr/bin/cmake --build /home/Elaina/lidarfind/lidarfind_ws/build/cpp_get_pkg -- -j22 -l22
