[0.012s] Invoking command in '/home/Elaina/lidarfind/lidarfind_ws/build/cpp_get_pkg': CMAKE_PREFIX_PATH=${CMAKE_PREFIX_PATH}:/home/Elaina/packages/ros_ws/install/ros_tcp_endpoint:/home/Elaina/packages/ros_ws/install/robot_imu:/opt/ros/humble /usr/bin/cmake --build /home/Elaina/lidarfind/lidarfind_ws/build/cpp_get_pkg -- -j22 -l22
[0.047s] [35m[1mConsolidate compiler generated dependencies of target FindLidar[0m
[0.059s] [ 50%] [32mBuilding CXX object CMakeFiles/FindLidar.dir/src/FindLidar.cpp.o[0m
[1.682s] [01m[K/home/Elaina/lidarfind/lidarfind_ws/src/cpp_get_pkg/src/FindLidar.cpp:[m[K In member function â€˜[01m[Kvoid FindLidar::ProcessData(int)[m[Kâ€™:
[1.682s] [01m[K/home/Elaina/lidarfind/lidarfind_ws/src/cpp_get_pkg/src/FindLidar.cpp:120:31:[m[K [01;35m[Kwarning: [m[Kcomparison of integer expressions of different signedness: â€˜[01m[Kint[m[Kâ€™ and â€˜[01m[Kstd::vector<FindLidar::SaveTFData>::size_type[m[Kâ€™ {aka â€˜[01m[Klong unsigned int[m[Kâ€™} [[01;35m[K]8;;https://gcc.gnu.org/onlinedocs/gcc/Warning-Options.html#index-Wsign-compare-Wsign-compare]8;;[m[K]
[1.683s]   120 |             for (int i = 0; [01;35m[Ki < PlaceList.size()[m[K; ++i)
[1.683s]       |                             [01;35m[K~~^~~~~~~~~~~~~~~~~~[m[K
[1.683s] [01m[K/home/Elaina/lidarfind/lidarfind_ws/src/cpp_get_pkg/src/FindLidar.cpp:145:31:[m[K [01;35m[Kwarning: [m[Kcomparison of integer expressions of different signedness: â€˜[01m[Kint[m[Kâ€™ and â€˜[01m[Kstd::vector<FindLidar::SaveTFData>::size_type[m[Kâ€™ {aka â€˜[01m[Klong unsigned int[m[Kâ€™} [[01;35m[K]8;;https://gcc.gnu.org/onlinedocs/gcc/Warning-Options.html#index-Wsign-compare-Wsign-compare]8;;[m[K]
[1.683s]   145 |             for (int i = 0; [01;35m[Ki < center.size()[m[K; ++i) // è®¡ç®—å¹³å‡å€¼
[1.683s]       |                             [01;35m[K~~^~~~~~~~~~~~~~~[m[K
[1.684s] [01m[K/home/Elaina/lidarfind/lidarfind_ws/src/cpp_get_pkg/src/FindLidar.cpp:153:18:[m[K [01;31m[Kerror: [m[Kâ€˜[01m[Kfile[m[Kâ€™ is not a member of â€˜[01m[Kstd[m[Kâ€™; did you mean â€˜[01m[Kfill[m[Kâ€™?
[1.684s]   153 |             std::[01;31m[Kfile[m[K << "åœ†å¿ƒä½ç½®è®¡ç®—å®Œæˆï¼ŒåŽŸç‚¹ä½ç½®ä¸ºï¼šx = %.3f , y = %.3f", avg_x, avg_y << std::endl;
[1.684s]       |                  [01;31m[K^~~~[m[K
[1.684s]       |                  [32m[Kfill[m[K
[1.684s] [01m[K/home/Elaina/lidarfind/lidarfind_ws/src/cpp_get_pkg/src/FindLidar.cpp:153:92:[m[K [01;31m[Kerror: [m[Kinvalid operands of types â€˜[01m[Kfloat[m[Kâ€™ and â€˜[01m[K<unresolved overloaded function type>[m[Kâ€™ to binary â€˜[01m[Koperator<<[m[Kâ€™
[1.684s]   153 |             std::file << "åœ†å¿ƒä½ç½®è®¡ç®—å®Œæˆï¼ŒåŽŸç‚¹ä½ç½®ä¸ºï¼šx = %.3f , y = %.3f", avg_x, [01;31m[Kavg_y << std::endl[m[K;
[1.684s]       |                                                                                      [01;31m[K~~~~~~^~~~~~~~~~~~[m[K
[2.289s] gmake[2]: *** [CMakeFiles/FindLidar.dir/build.make:76: CMakeFiles/FindLidar.dir/src/FindLidar.cpp.o] Error 1
[2.290s] gmake[1]: *** [CMakeFiles/Makefile2:137: CMakeFiles/FindLidar.dir/all] Error 2
[2.290s] gmake: *** [Makefile:146: all] Error 2
[2.292s] Invoked command in '/home/Elaina/lidarfind/lidarfind_ws/build/cpp_get_pkg' returned '2': CMAKE_PREFIX_PATH=${CMAKE_PREFIX_PATH}:/home/Elaina/packages/ros_ws/install/ros_tcp_endpoint:/home/Elaina/packages/ros_ws/install/robot_imu:/opt/ros/humble /usr/bin/cmake --build /home/Elaina/lidarfind/lidarfind_ws/build/cpp_get_pkg -- -j22 -l22
