[01m[K/home/Elaina/lidarfind/lidarfind_ws/src/cpp_get_pkg/src/FindLidar.cpp:207:2:[m[K [01;31m[Kerror: [m[Kunterminated argument list invoking macro "RCLCPP_INFO"
  207 | }
      |  [01;31m[K^[m[K
[01m[K/home/Elaina/lidarfind/lidarfind_ws/src/cpp_get_pkg/src/FindLidar.cpp:68:28:[m[K [01;31m[Kerror: [m[Kexpected â€˜[01m[K}[m[Kâ€™ at end of input
   68 |                 RCLCPP_INFO[01;31m[K([m[Kthis->get_logger(), " ä½ç½®æœªå˜åŒ–"
      |                            [01;31m[K^[m[K
[01m[K/home/Elaina/lidarfind/lidarfind_ws/src/cpp_get_pkg/src/FindLidar.cpp:30:1:[m[K [01;36m[Knote: [m[Kto match this â€˜[01m[K{[m[Kâ€™
   30 | [01;36m[K{[m[K
      | [01;36m[K^[m[K
[01m[K/home/Elaina/lidarfind/lidarfind_ws/src/cpp_get_pkg/src/FindLidar.cpp:[m[K In constructor â€˜[01m[KFindLidar::FindLidar()[m[Kâ€™:
[01m[K/home/Elaina/lidarfind/lidarfind_ws/src/cpp_get_pkg/src/FindLidar.cpp:40:9:[m[K [01;31m[Kerror: [m[Kâ€˜[01m[Kstr[m[Kâ€™ was not declared in this scope; did you mean â€˜[01m[Kstd[m[Kâ€™?
   40 |         [01;31m[Kstr[m[K = this->create_publisher<std_msgs::msg::String>("topic", 10);
      |         [01;31m[K^~~[m[K
      |         [32m[Kstd[m[K
[01m[K/home/Elaina/lidarfind/lidarfind_ws/src/cpp_get_pkg/src/FindLidar.cpp:41:9:[m[K [01;31m[Kerror: [m[Kâ€˜[01m[Ktimer[m[Kâ€™ was not declared in this scope; did you mean â€˜[01m[Ktimex[m[Kâ€™?
   41 |         [01;31m[Ktimer[m[K = this->create_wall_timer(
      |         [01;31m[K^~~~~[m[K
      |         [32m[Ktimex[m[K
[01m[K/home/Elaina/lidarfind/lidarfind_ws/src/cpp_get_pkg/src/FindLidar.cpp:43:35:[m[K [01;31m[Kerror: [m[Kâ€˜[01m[Ktimer_callback[m[Kâ€™ is not a member of â€˜[01m[KFindLidar[m[Kâ€™
   43 |             std::bind(&FindLidar::[01;31m[Ktimer_callback[m[K, this));
      |                                   [01;31m[K^~~~~~~~~~~~~~[m[K
[01m[K/home/Elaina/lidarfind/lidarfind_ws/src/cpp_get_pkg/src/FindLidar.cpp:45:9:[m[K [01;31m[Kerror: [m[Kâ€˜[01m[Ktf_buffer[m[Kâ€™ was not declared in this scope; did you mean â€˜[01m[Ksetbuffer[m[Kâ€™?
   45 |         [01;31m[Ktf_buffer[m[K = std::make_shared<tf2_ros::Buffer>(this->get_clock());
      |         [01;31m[K^~~~~~~~~[m[K
      |         [32m[Ksetbuffer[m[K
[01m[K/home/Elaina/lidarfind/lidarfind_ws/src/cpp_get_pkg/src/FindLidar.cpp:46:9:[m[K [01;31m[Kerror: [m[Kâ€˜[01m[Ktf_listener[m[Kâ€™ was not declared in this scope
   46 |         [01;31m[Ktf_listener[m[K = std::make_shared<tf2_ros::TransformListener>(*tf_buffer);
      |         [01;31m[K^~~~~~~~~~~[m[K
[01m[K/home/Elaina/lidarfind/lidarfind_ws/src/cpp_get_pkg/src/FindLidar.cpp:47:9:[m[K [01;31m[Kerror: [m[Kâ€˜[01m[Ktf_broadcaster[m[Kâ€™ was not declared in this scope
   47 |         [01;31m[Ktf_broadcaster[m[K = std::make_unique<tf2_ros::TransformBroadcaster>(*this);
      |         [01;31m[K^~~~~~~~~~~~~~[m[K
[01m[K/home/Elaina/lidarfind/lidarfind_ws/src/cpp_get_pkg/src/FindLidar.cpp:[m[K In member function â€˜[01m[Kint FindLidar::GetTFMessage(FindLidar::SaveTFData&)[m[Kâ€™:
[01m[K/home/Elaina/lidarfind/lidarfind_ws/src/cpp_get_pkg/src/FindLidar.cpp:58:69:[m[K [01;31m[Kerror: [m[Kâ€˜[01m[Ktf_buffer[m[Kâ€™ was not declared in this scope; did you mean â€˜[01m[Ksetbuffer[m[Kâ€™?
   58 |             geometry_msgs::msg::TransformStamped transformStamped = [01;31m[Ktf_buffer[m[K->lookupTransform("camera_init", "aft_mapped", tf2::TimePointZero);
      |                                                                     [01;31m[K^~~~~~~~~[m[K
      |                                                                     [32m[Ksetbuffer[m[K
[01m[K/home/Elaina/lidarfind/lidarfind_ws/src/cpp_get_pkg/src/FindLidar.cpp:68:17:[m[K [01;31m[Kerror: [m[Kâ€˜[01m[KRCLCPP_INFO[m[Kâ€™ was not declared in this scope
   68 |                 [01;31m[KRCLCPP_INFO[m[K(this->get_logger(), " ä½ç½®æœªå˜åŒ–"
      |                 [01;31m[K^~~~~~~~~~~[m[K
[01m[K/home/Elaina/lidarfind/lidarfind_ws/src/cpp_get_pkg/src/FindLidar.cpp:68:28:[m[K [01;31m[Kerror: [m[Kexpected â€˜[01m[K}[m[Kâ€™ at end of input
   68 |                 RCLCPP_INFO[01;31m[K([m[Kthis->get_logger(), " ä½ç½®æœªå˜åŒ–"
      |                            [01;31m[K^[m[K
[01m[K/home/Elaina/lidarfind/lidarfind_ws/src/cpp_get_pkg/src/FindLidar.cpp:66:13:[m[K [01;36m[Knote: [m[Kto match this â€˜[01m[K{[m[Kâ€™
   66 |             [01;36m[K{[m[K
      |             [01;36m[K^[m[K
[01m[K/home/Elaina/lidarfind/lidarfind_ws/src/cpp_get_pkg/src/FindLidar.cpp:68:28:[m[K [01;31m[Kerror: [m[Kexpected â€˜[01m[K}[m[Kâ€™ at end of input
   68 |                 RCLCPP_INFO[01;31m[K([m[Kthis->get_logger(), " ä½ç½®æœªå˜åŒ–"
      |                            [01;31m[K^[m[K
[01m[K/home/Elaina/lidarfind/lidarfind_ws/src/cpp_get_pkg/src/FindLidar.cpp:56:9:[m[K [01;36m[Knote: [m[Kto match this â€˜[01m[K{[m[Kâ€™
   56 |         [01;36m[K{[m[K
      |         [01;36m[K^[m[K
[01m[K/home/Elaina/lidarfind/lidarfind_ws/src/cpp_get_pkg/src/FindLidar.cpp:68:28:[m[K [01;31m[Kerror: [m[Kexpected â€˜[01m[Kcatch[m[Kâ€™ at end of input
   68 |                 RCLCPP_INFO[01;31m[K([m[Kthis->get_logger(), " ä½ç½®æœªå˜åŒ–"
      |                            [01;31m[K^[m[K
[01m[K/home/Elaina/lidarfind/lidarfind_ws/src/cpp_get_pkg/src/FindLidar.cpp:68:28:[m[K [01;31m[Kerror: [m[Kexpected â€˜[01m[K([m[Kâ€™ at end of input
[01m[K/home/Elaina/lidarfind/lidarfind_ws/src/cpp_get_pkg/src/FindLidar.cpp:68:28:[m[K [01;31m[Kerror: [m[Kexpected type-specifier at end of input
[01m[K/home/Elaina/lidarfind/lidarfind_ws/src/cpp_get_pkg/src/FindLidar.cpp:68:28:[m[K [01;31m[Kerror: [m[Kexpected â€˜[01m[K)[m[Kâ€™ at end of input
[01m[K/home/Elaina/lidarfind/lidarfind_ws/src/cpp_get_pkg/src/FindLidar.cpp:68:28:[m[K [01;36m[Knote: [m[Kto match this â€˜[01m[K([m[Kâ€™
[01m[K/home/Elaina/lidarfind/lidarfind_ws/src/cpp_get_pkg/src/FindLidar.cpp:68:28:[m[K [01;31m[Kerror: [m[Kexpected â€˜[01m[K{[m[Kâ€™ at end of input
[01m[K/home/Elaina/lidarfind/lidarfind_ws/src/cpp_get_pkg/src/FindLidar.cpp:68:28:[m[K [01;31m[Kerror: [m[Kexpected â€˜[01m[K}[m[Kâ€™ at end of input
[01m[K/home/Elaina/lidarfind/lidarfind_ws/src/cpp_get_pkg/src/FindLidar.cpp:54:5:[m[K [01;36m[Knote: [m[Kto match this â€˜[01m[K{[m[Kâ€™
   54 |     [01;36m[K{[m[K
      |     [01;36m[K^[m[K
[01m[K/home/Elaina/lidarfind/lidarfind_ws/src/cpp_get_pkg/src/FindLidar.cpp:68:28:[m[K [01;35m[Kwarning: [m[Kno return statement in function returning non-void [[01;35m[K]8;;https://gcc.gnu.org/onlinedocs/gcc/Warning-Options.html#index-Wreturn-type-Wreturn-type]8;;[m[K]
   68 |                 RCLCPP_INFO[01;35m[K([m[Kthis->get_logger(), " ä½ç½®æœªå˜åŒ–"
      |                            [01;35m[K^[m[K
[01m[K/home/Elaina/lidarfind/lidarfind_ws/src/cpp_get_pkg/src/FindLidar.cpp:[m[K At global scope:
[01m[K/home/Elaina/lidarfind/lidarfind_ws/src/cpp_get_pkg/src/FindLidar.cpp:68:28:[m[K [01;31m[Kerror: [m[Kexpected unqualified-id at end of input
gmake[2]: *** [CMakeFiles/FindLidar.dir/build.make:76: CMakeFiles/FindLidar.dir/src/FindLidar.cpp.o] Error 1
gmake[1]: *** [CMakeFiles/Makefile2:137: CMakeFiles/FindLidar.dir/all] Error 2
gmake: *** [Makefile:146: all] Error 2
