[0.011s] Invoking command in '/home/Elaina/lidarfind/lidarfind_ws/build/cpp_get_pkg': CMAKE_PREFIX_PATH=${CMAKE_PREFIX_PATH}:/home/Elaina/packages/ros_ws/install/ros_tcp_endpoint:/home/Elaina/packages/ros_ws/install/robot_imu:/opt/ros/humble /usr/bin/cmake --build /home/Elaina/lidarfind/lidarfind_ws/build/cpp_get_pkg -- -j22 -l22
[0.053s] [35m[1mConsolidate compiler generated dependencies of target FindLidar[0m
[0.076s] [ 50%] [32mBuilding CXX object CMakeFiles/FindLidar.dir/src/FindLidar.cpp.o[0m
[0.328s] [01m[K/home/Elaina/lidarfind/lidarfind_ws/src/cpp_get_pkg/src/FindLidar.cpp:207:2:[m[K [01;31m[Kerror: [m[Kunterminated argument list invoking macro "RCLCPP_INFO"
[0.328s]   207 | }
[0.328s]       |  [01;31m[K^[m[K
[2.767s] [01m[K/home/Elaina/lidarfind/lidarfind_ws/src/cpp_get_pkg/src/FindLidar.cpp:68:28:[m[K [01;31m[Kerror: [m[Kexpected ‚Äò[01m[K}[m[K‚Äô at end of input
[2.767s]    68 |                 RCLCPP_INFO[01;31m[K([m[Kthis->get_logger(), " ‰ΩçÁΩÆÊú™ÂèòÂåñ"
[2.768s]       |                            [01;31m[K^[m[K
[2.768s] [01m[K/home/Elaina/lidarfind/lidarfind_ws/src/cpp_get_pkg/src/FindLidar.cpp:30:1:[m[K [01;36m[Knote: [m[Kto match this ‚Äò[01m[K{[m[K‚Äô
[2.768s]    30 | [01;36m[K{[m[K
[2.768s]       | [01;36m[K^[m[K
[2.784s] [01m[K/home/Elaina/lidarfind/lidarfind_ws/src/cpp_get_pkg/src/FindLidar.cpp:[m[K In constructor ‚Äò[01m[KFindLidar::FindLidar()[m[K‚Äô:
[2.784s] [01m[K/home/Elaina/lidarfind/lidarfind_ws/src/cpp_get_pkg/src/FindLidar.cpp:40:9:[m[K [01;31m[Kerror: [m[K‚Äò[01m[Kstr[m[K‚Äô was not declared in this scope; did you mean ‚Äò[01m[Kstd[m[K‚Äô?
[2.784s]    40 |         [01;31m[Kstr[m[K = this->create_publisher<std_msgs::msg::String>("topic", 10);
[2.784s]       |         [01;31m[K^~~[m[K
[2.784s]       |         [32m[Kstd[m[K
[2.796s] [01m[K/home/Elaina/lidarfind/lidarfind_ws/src/cpp_get_pkg/src/FindLidar.cpp:41:9:[m[K [01;31m[Kerror: [m[K‚Äò[01m[Ktimer[m[K‚Äô was not declared in this scope; did you mean ‚Äò[01m[Ktimex[m[K‚Äô?
[2.796s]    41 |         [01;31m[Ktimer[m[K = this->create_wall_timer(
[2.796s]       |         [01;31m[K^~~~~[m[K
[2.796s]       |         [32m[Ktimex[m[K
[2.796s] [01m[K/home/Elaina/lidarfind/lidarfind_ws/src/cpp_get_pkg/src/FindLidar.cpp:43:35:[m[K [01;31m[Kerror: [m[K‚Äò[01m[Ktimer_callback[m[K‚Äô is not a member of ‚Äò[01m[KFindLidar[m[K‚Äô
[2.796s]    43 |             std::bind(&FindLidar::[01;31m[Ktimer_callback[m[K, this));
[2.796s]       |                                   [01;31m[K^~~~~~~~~~~~~~[m[K
[2.800s] [01m[K/home/Elaina/lidarfind/lidarfind_ws/src/cpp_get_pkg/src/FindLidar.cpp:45:9:[m[K [01;31m[Kerror: [m[K‚Äò[01m[Ktf_buffer[m[K‚Äô was not declared in this scope; did you mean ‚Äò[01m[Ksetbuffer[m[K‚Äô?
[2.801s]    45 |         [01;31m[Ktf_buffer[m[K = std::make_shared<tf2_ros::Buffer>(this->get_clock());
[2.801s]       |         [01;31m[K^~~~~~~~~[m[K
[2.801s]       |         [32m[Ksetbuffer[m[K
[2.813s] [01m[K/home/Elaina/lidarfind/lidarfind_ws/src/cpp_get_pkg/src/FindLidar.cpp:46:9:[m[K [01;31m[Kerror: [m[K‚Äò[01m[Ktf_listener[m[K‚Äô was not declared in this scope
[2.813s]    46 |         [01;31m[Ktf_listener[m[K = std::make_shared<tf2_ros::TransformListener>(*tf_buffer);
[2.813s]       |         [01;31m[K^~~~~~~~~~~[m[K
[2.823s] [01m[K/home/Elaina/lidarfind/lidarfind_ws/src/cpp_get_pkg/src/FindLidar.cpp:47:9:[m[K [01;31m[Kerror: [m[K‚Äò[01m[Ktf_broadcaster[m[K‚Äô was not declared in this scope
[2.823s]    47 |         [01;31m[Ktf_broadcaster[m[K = std::make_unique<tf2_ros::TransformBroadcaster>(*this);
[2.824s]       |         [01;31m[K^~~~~~~~~~~~~~[m[K
[2.836s] [01m[K/home/Elaina/lidarfind/lidarfind_ws/src/cpp_get_pkg/src/FindLidar.cpp:[m[K In member function ‚Äò[01m[Kint FindLidar::GetTFMessage(FindLidar::SaveTFData&)[m[K‚Äô:
[2.836s] [01m[K/home/Elaina/lidarfind/lidarfind_ws/src/cpp_get_pkg/src/FindLidar.cpp:58:69:[m[K [01;31m[Kerror: [m[K‚Äò[01m[Ktf_buffer[m[K‚Äô was not declared in this scope; did you mean ‚Äò[01m[Ksetbuffer[m[K‚Äô?
[2.836s]    58 |             geometry_msgs::msg::TransformStamped transformStamped = [01;31m[Ktf_buffer[m[K->lookupTransform("camera_init", "aft_mapped", tf2::TimePointZero);
[2.836s]       |                                                                     [01;31m[K^~~~~~~~~[m[K
[2.836s]       |                                                                     [32m[Ksetbuffer[m[K
[2.844s] [01m[K/home/Elaina/lidarfind/lidarfind_ws/src/cpp_get_pkg/src/FindLidar.cpp:68:17:[m[K [01;31m[Kerror: [m[K‚Äò[01m[KRCLCPP_INFO[m[K‚Äô was not declared in this scope
[2.844s]    68 |                 [01;31m[KRCLCPP_INFO[m[K(this->get_logger(), " ‰ΩçÁΩÆÊú™ÂèòÂåñ"
[2.845s]       |                 [01;31m[K^~~~~~~~~~~[m[K
[2.845s] [01m[K/home/Elaina/lidarfind/lidarfind_ws/src/cpp_get_pkg/src/FindLidar.cpp:68:28:[m[K [01;31m[Kerror: [m[Kexpected ‚Äò[01m[K}[m[K‚Äô at end of input
[2.845s]    68 |                 RCLCPP_INFO[01;31m[K([m[Kthis->get_logger(), " ‰ΩçÁΩÆÊú™ÂèòÂåñ"
[2.845s]       |                            [01;31m[K^[m[K
[2.845s] [01m[K/home/Elaina/lidarfind/lidarfind_ws/src/cpp_get_pkg/src/FindLidar.cpp:66:13:[m[K [01;36m[Knote: [m[Kto match this ‚Äò[01m[K{[m[K‚Äô
[2.845s]    66 |             [01;36m[K{[m[K
[2.845s]       |             [01;36m[K^[m[K
[2.845s] [01m[K/home/Elaina/lidarfind/lidarfind_ws/src/cpp_get_pkg/src/FindLidar.cpp:68:28:[m[K [01;31m[Kerror: [m[Kexpected ‚Äò[01m[K}[m[K‚Äô at end of input
[2.845s]    68 |                 RCLCPP_INFO[01;31m[K([m[Kthis->get_logger(), " ‰ΩçÁΩÆÊú™ÂèòÂåñ"
[2.845s]       |                            [01;31m[K^[m[K
[2.845s] [01m[K/home/Elaina/lidarfind/lidarfind_ws/src/cpp_get_pkg/src/FindLidar.cpp:56:9:[m[K [01;36m[Knote: [m[Kto match this ‚Äò[01m[K{[m[K‚Äô
[2.845s]    56 |         [01;36m[K{[m[K
[2.845s]       |         [01;36m[K^[m[K
[2.845s] [01m[K/home/Elaina/lidarfind/lidarfind_ws/src/cpp_get_pkg/src/FindLidar.cpp:68:28:[m[K [01;31m[Kerror: [m[Kexpected ‚Äò[01m[Kcatch[m[K‚Äô at end of input
[2.845s]    68 |                 RCLCPP_INFO[01;31m[K([m[Kthis->get_logger(), " ‰ΩçÁΩÆÊú™ÂèòÂåñ"
[2.845s]       |                            [01;31m[K^[m[K
[2.845s] [01m[K/home/Elaina/lidarfind/lidarfind_ws/src/cpp_get_pkg/src/FindLidar.cpp:68:28:[m[K [01;31m[Kerror: [m[Kexpected ‚Äò[01m[K([m[K‚Äô at end of input
[2.845s] [01m[K/home/Elaina/lidarfind/lidarfind_ws/src/cpp_get_pkg/src/FindLidar.cpp:68:28:[m[K [01;31m[Kerror: [m[Kexpected type-specifier at end of input
[2.845s] [01m[K/home/Elaina/lidarfind/lidarfind_ws/src/cpp_get_pkg/src/FindLidar.cpp:68:28:[m[K [01;31m[Kerror: [m[Kexpected ‚Äò[01m[K)[m[K‚Äô at end of input
[2.845s] [01m[K/home/Elaina/lidarfind/lidarfind_ws/src/cpp_get_pkg/src/FindLidar.cpp:68:28:[m[K [01;36m[Knote: [m[Kto match this ‚Äò[01m[K([m[K‚Äô
[2.845s] [01m[K/home/Elaina/lidarfind/lidarfind_ws/src/cpp_get_pkg/src/FindLidar.cpp:68:28:[m[K [01;31m[Kerror: [m[Kexpected ‚Äò[01m[K{[m[K‚Äô at end of input
[2.845s] [01m[K/home/Elaina/lidarfind/lidarfind_ws/src/cpp_get_pkg/src/FindLidar.cpp:68:28:[m[K [01;31m[Kerror: [m[Kexpected ‚Äò[01m[K}[m[K‚Äô at end of input
[2.846s] [01m[K/home/Elaina/lidarfind/lidarfind_ws/src/cpp_get_pkg/src/FindLidar.cpp:54:5:[m[K [01;36m[Knote: [m[Kto match this ‚Äò[01m[K{[m[K‚Äô
[2.846s]    54 |     [01;36m[K{[m[K
[2.846s]       |     [01;36m[K^[m[K
[2.846s] [01m[K/home/Elaina/lidarfind/lidarfind_ws/src/cpp_get_pkg/src/FindLidar.cpp:68:28:[m[K [01;35m[Kwarning: [m[Kno return statement in function returning non-void [[01;35m[K]8;;https://gcc.gnu.org/onlinedocs/gcc/Warning-Options.html#index-Wreturn-type-Wreturn-type]8;;[m[K]
[2.846s]    68 |                 RCLCPP_INFO[01;35m[K([m[Kthis->get_logger(), " ‰ΩçÁΩÆÊú™ÂèòÂåñ"
[2.846s]       |                            [01;35m[K^[m[K
[2.846s] [01m[K/home/Elaina/lidarfind/lidarfind_ws/src/cpp_get_pkg/src/FindLidar.cpp:[m[K At global scope:
[2.846s] [01m[K/home/Elaina/lidarfind/lidarfind_ws/src/cpp_get_pkg/src/FindLidar.cpp:68:28:[m[K [01;31m[Kerror: [m[Kexpected unqualified-id at end of input
[3.737s] gmake[2]: *** [CMakeFiles/FindLidar.dir/build.make:76: CMakeFiles/FindLidar.dir/src/FindLidar.cpp.o] Error 1
[3.737s] gmake[1]: *** [CMakeFiles/Makefile2:137: CMakeFiles/FindLidar.dir/all] Error 2
[3.737s] gmake: *** [Makefile:146: all] Error 2
[3.742s] Invoked command in '/home/Elaina/lidarfind/lidarfind_ws/build/cpp_get_pkg' returned '2': CMAKE_PREFIX_PATH=${CMAKE_PREFIX_PATH}:/home/Elaina/packages/ros_ws/install/ros_tcp_endpoint:/home/Elaina/packages/ros_ws/install/robot_imu:/opt/ros/humble /usr/bin/cmake --build /home/Elaina/lidarfind/lidarfind_ws/build/cpp_get_pkg -- -j22 -l22
