[01m[K/home/Elaina/lidarfind/lidarfind_ws/src/cpp_get_pkg/src/FindLidar.cpp:207:2:[m[K [01;31m[Kerror: [m[Kunterminated argument list invoking macro "RCLCPP_INFO"
  207 | }
      |  [01;31m[K^[m[K
[01m[K/home/Elaina/lidarfind/lidarfind_ws/src/cpp_get_pkg/src/FindLidar.cpp:155:24:[m[K [01;31m[Kerror: [m[Kexpected â€˜[01m[K}[m[Kâ€™ at end of input
  155 |             RCLCPP_INFO[01;31m[K([m[Kthis->get_logger(), "åœ†å¿ƒä½ç½®è®¡ç®—å®Œæˆï¼ŒåŸç‚¹ä½ç½®ä¸ºï¼šx = %.3f , y = %.3f , è·ç¦»ä¸ºï¼š %.3f", avg_x, avg_y,std::sqrt(avg_x*avg_x + avg_y*avg_y);
      |                        [01;31m[K^[m[K
[01m[K/home/Elaina/lidarfind/lidarfind_ws/src/cpp_get_pkg/src/FindLidar.cpp:30:1:[m[K [01;36m[Knote: [m[Kto match this â€˜[01m[K{[m[Kâ€™
   30 | [01;36m[K{[m[K
      | [01;36m[K^[m[K
[01m[K/home/Elaina/lidarfind/lidarfind_ws/src/cpp_get_pkg/src/FindLidar.cpp:[m[K In constructor â€˜[01m[KFindLidar::FindLidar()[m[Kâ€™:
[01m[K/home/Elaina/lidarfind/lidarfind_ws/src/cpp_get_pkg/src/FindLidar.cpp:40:9:[m[K [01;31m[Kerror: [m[Kâ€˜[01m[Kstr[m[Kâ€™ was not declared in this scope; did you mean â€˜[01m[Kstd[m[Kâ€™?
   40 |         [01;31m[Kstr[m[K = this->create_publisher<std_msgs::msg::String>("topic", 10);
      |         [01;31m[K^~~[m[K
      |         [32m[Kstd[m[K
[01m[K/home/Elaina/lidarfind/lidarfind_ws/src/cpp_get_pkg/src/FindLidar.cpp:41:9:[m[K [01;31m[Kerror: [m[Kâ€˜[01m[Ktimer[m[Kâ€™ was not declared in this scope; did you mean â€˜[01m[Ktimex[m[Kâ€™?
   41 |         [01;31m[Ktimer[m[K = this->create_wall_timer(
      |         [01;31m[K^~~~~[m[K
      |         [32m[Ktimex[m[K
[01m[K/home/Elaina/lidarfind/lidarfind_ws/src/cpp_get_pkg/src/FindLidar.cpp:45:9:[m[K [01;31m[Kerror: [m[Kâ€˜[01m[Ktf_buffer[m[Kâ€™ was not declared in this scope; did you mean â€˜[01m[Ksetbuffer[m[Kâ€™?
   45 |         [01;31m[Ktf_buffer[m[K = std::make_shared<tf2_ros::Buffer>(this->get_clock());
      |         [01;31m[K^~~~~~~~~[m[K
      |         [32m[Ksetbuffer[m[K
[01m[K/home/Elaina/lidarfind/lidarfind_ws/src/cpp_get_pkg/src/FindLidar.cpp:46:9:[m[K [01;31m[Kerror: [m[Kâ€˜[01m[Ktf_listener[m[Kâ€™ was not declared in this scope
   46 |         [01;31m[Ktf_listener[m[K = std::make_shared<tf2_ros::TransformListener>(*tf_buffer);
      |         [01;31m[K^~~~~~~~~~~[m[K
[01m[K/home/Elaina/lidarfind/lidarfind_ws/src/cpp_get_pkg/src/FindLidar.cpp:47:9:[m[K [01;31m[Kerror: [m[Kâ€˜[01m[Ktf_broadcaster[m[Kâ€™ was not declared in this scope
   47 |         [01;31m[Ktf_broadcaster[m[K = std::make_unique<tf2_ros::TransformBroadcaster>(*this);
      |         [01;31m[K^~~~~~~~~~~~~~[m[K
[01m[K/home/Elaina/lidarfind/lidarfind_ws/src/cpp_get_pkg/src/FindLidar.cpp:[m[K In member function â€˜[01m[Kint FindLidar::GetTFMessage(FindLidar::SaveTFData&)[m[Kâ€™:
[01m[K/home/Elaina/lidarfind/lidarfind_ws/src/cpp_get_pkg/src/FindLidar.cpp:58:69:[m[K [01;31m[Kerror: [m[Kâ€˜[01m[Ktf_buffer[m[Kâ€™ was not declared in this scope; did you mean â€˜[01m[Ksetbuffer[m[Kâ€™?
   58 |             geometry_msgs::msg::TransformStamped transformStamped = [01;31m[Ktf_buffer[m[K->lookupTransform("camera_init", "aft_mapped", tf2::TimePointZero);
      |                                                                     [01;31m[K^~~~~~~~~[m[K
      |                                                                     [32m[Ksetbuffer[m[K
[01m[K/home/Elaina/lidarfind/lidarfind_ws/src/cpp_get_pkg/src/FindLidar.cpp:[m[K In member function â€˜[01m[Kvoid FindLidar::SaveTFMessage()[m[Kâ€™:
[01m[K/home/Elaina/lidarfind/lidarfind_ws/src/cpp_get_pkg/src/FindLidar.cpp:101:9:[m[K [01;31m[Kerror: [m[Kâ€˜[01m[KPlaceList[m[Kâ€™ was not declared in this scope
  101 |         [01;31m[KPlaceList[m[K.push_back(lidar_tf);
      |         [01;31m[K^~~~~~~~~[m[K
[01m[K/home/Elaina/lidarfind/lidarfind_ws/src/cpp_get_pkg/src/FindLidar.cpp:[m[K In member function â€˜[01m[Kvoid FindLidar::ProcessData(int)[m[Kâ€™:
[01m[K/home/Elaina/lidarfind/lidarfind_ws/src/cpp_get_pkg/src/FindLidar.cpp:112:17:[m[K [01;31m[Kerror: [m[Kâ€˜[01m[KPlaceList[m[Kâ€™ was not declared in this scope
  112 |             if ([01;31m[KPlaceList[m[K.size() < MIN_POINT)
      |                 [01;31m[K^~~~~~~~~[m[K
[01m[K/home/Elaina/lidarfind/lidarfind_ws/src/cpp_get_pkg/src/FindLidar.cpp:118:37:[m[K [01;31m[Kerror: [m[Kâ€˜[01m[KPlaceList[m[Kâ€™ was not declared in this scope
  118 |             SaveTFData last_state = [01;31m[KPlaceList[m[K.back(); // å–æœ€åä¸€ä¸ªç‚¹ä½ä½œä¸ºå‚è€ƒ
      |                                     [01;31m[K^~~~~~~~~[m[K
[01m[K/home/Elaina/lidarfind/lidarfind_ws/src/cpp_get_pkg/src/FindLidar.cpp:144:17:[m[K [01;31m[Kerror: [m[Kâ€˜[01m[Krandom_points[m[Kâ€™ was not declared in this scope; did you mean â€˜[01m[Krandom_data[m[Kâ€™?
  144 |                 [01;31m[Krandom_points[m[K.assign(PlaceList.begin(), PlaceList.begin() + 3 * (i + 1));
      |                 [01;31m[K^~~~~~~~~~~~~[m[K
      |                 [32m[Krandom_data[m[K
[01m[K/home/Elaina/lidarfind/lidarfind_ws/src/cpp_get_pkg/src/FindLidar.cpp:145:17:[m[K [01;31m[Kerror: [m[Kâ€˜[01m[KFindLidarOrigin[m[Kâ€™ was not declared in this scope
  145 |                 [01;31m[KFindLidarOrigin[m[K();
      |                 [01;31m[K^~~~~~~~~~~~~~~[m[K
[01m[K/home/Elaina/lidarfind/lidarfind_ws/src/cpp_get_pkg/src/FindLidar.cpp:148:33:[m[K [01;31m[Kerror: [m[Kâ€˜[01m[Kcenter[m[Kâ€™ was not declared in this scope
  148 |             for (int i = 0; i < [01;31m[Kcenter[m[K.size(); ++i) // è®¡ç®—å¹³å‡å€¼
      |                                 [01;31m[K^~~~~~[m[K
[01m[K/home/Elaina/lidarfind/lidarfind_ws/src/cpp_get_pkg/src/FindLidar.cpp:153:22:[m[K [01;31m[Kerror: [m[Kâ€˜[01m[Kcenter[m[Kâ€™ was not declared in this scope
  153 |             avg_x /= [01;31m[Kcenter[m[K.size();
      |                      [01;31m[K^~~~~~[m[K
[01m[K/home/Elaina/lidarfind/lidarfind_ws/src/cpp_get_pkg/src/FindLidar.cpp:155:13:[m[K [01;31m[Kerror: [m[Kâ€˜[01m[KRCLCPP_INFO[m[Kâ€™ was not declared in this scope
  155 |             [01;31m[KRCLCPP_INFO[m[K(this->get_logger(), "åœ†å¿ƒä½ç½®è®¡ç®—å®Œæˆï¼ŒåŸç‚¹ä½ç½®ä¸ºï¼šx = %.3f , y = %.3f , è·ç¦»ä¸ºï¼š %.3f", avg_x, avg_y,std::sqrt(avg_x*avg_x + avg_y*avg_y);
      |             [01;31m[K^~~~~~~~~~~[m[K
[01m[K/home/Elaina/lidarfind/lidarfind_ws/src/cpp_get_pkg/src/FindLidar.cpp:155:24:[m[K [01;31m[Kerror: [m[Kexpected â€˜[01m[K}[m[Kâ€™ at end of input
  155 |             RCLCPP_INFO[01;31m[K([m[Kthis->get_logger(), "åœ†å¿ƒä½ç½®è®¡ç®—å®Œæˆï¼ŒåŸç‚¹ä½ç½®ä¸ºï¼šx = %.3f , y = %.3f , è·ç¦»ä¸ºï¼š %.3f", avg_x, avg_y,std::sqrt(avg_x*avg_x + avg_y*avg_y);
      |                        [01;31m[K^[m[K
[01m[K/home/Elaina/lidarfind/lidarfind_ws/src/cpp_get_pkg/src/FindLidar.cpp:111:9:[m[K [01;36m[Knote: [m[Kto match this â€˜[01m[K{[m[Kâ€™
  111 |         [01;36m[K{[m[K
      |         [01;36m[K^[m[K
[01m[K/home/Elaina/lidarfind/lidarfind_ws/src/cpp_get_pkg/src/FindLidar.cpp:155:24:[m[K [01;31m[Kerror: [m[Kexpected â€˜[01m[K}[m[Kâ€™ at end of input
  155 |             RCLCPP_INFO[01;31m[K([m[Kthis->get_logger(), "åœ†å¿ƒä½ç½®è®¡ç®—å®Œæˆï¼ŒåŸç‚¹ä½ç½®ä¸ºï¼šx = %.3f , y = %.3f , è·ç¦»ä¸ºï¼š %.3f", avg_x, avg_y,std::sqrt(avg_x*avg_x + avg_y*avg_y);
      |                        [01;31m[K^[m[K
[01m[K/home/Elaina/lidarfind/lidarfind_ws/src/cpp_get_pkg/src/FindLidar.cpp:109:5:[m[K [01;36m[Knote: [m[Kto match this â€˜[01m[K{[m[Kâ€™
  109 |     [01;36m[K{[m[K
      |     [01;36m[K^[m[K
[01m[K/home/Elaina/lidarfind/lidarfind_ws/src/cpp_get_pkg/src/FindLidar.cpp:[m[K At global scope:
[01m[K/home/Elaina/lidarfind/lidarfind_ws/src/cpp_get_pkg/src/FindLidar.cpp:155:24:[m[K [01;31m[Kerror: [m[Kexpected unqualified-id at end of input
  155 |             RCLCPP_INFO[01;31m[K([m[Kthis->get_logger(), "åœ†å¿ƒä½ç½®è®¡ç®—å®Œæˆï¼ŒåŸç‚¹ä½ç½®ä¸ºï¼šx = %.3f , y = %.3f , è·ç¦»ä¸ºï¼š %.3f", avg_x, avg_y,std::sqrt(avg_x*avg_x + avg_y*avg_y);
      |                        [01;31m[K^[m[K
gmake[2]: *** [CMakeFiles/FindLidar.dir/build.make:76: CMakeFiles/FindLidar.dir/src/FindLidar.cpp.o] Error 1
gmake[1]: *** [CMakeFiles/Makefile2:137: CMakeFiles/FindLidar.dir/all] Error 2
gmake: *** [Makefile:146: all] Error 2
