[0.015s] Invoking command in '/home/Elaina/lidarfind/lidarfind_ws/build/cpp_get_pkg': CMAKE_PREFIX_PATH=${CMAKE_PREFIX_PATH}:/home/Elaina/packages/ros_ws/install/ros_tcp_endpoint:/home/Elaina/packages/ros_ws/install/robot_imu:/opt/ros/humble /usr/bin/cmake --build /home/Elaina/lidarfind/lidarfind_ws/build/cpp_get_pkg -- -j22 -l22
[0.063s] [35m[1mConsolidate compiler generated dependencies of target FindLidar[0m
[0.081s] [ 50%] [32mBuilding CXX object CMakeFiles/FindLidar.dir/src/FindLidar.cpp.o[0m
[0.259s] [01m[K/home/Elaina/lidarfind/lidarfind_ws/src/cpp_get_pkg/src/FindLidar.cpp:207:2:[m[K [01;31m[Kerror: [m[Kunterminated argument list invoking macro "RCLCPP_INFO"
[0.259s]   207 | }
[0.259s]       |  [01;31m[K^[m[K
[2.588s] [01m[K/home/Elaina/lidarfind/lidarfind_ws/src/cpp_get_pkg/src/FindLidar.cpp:155:24:[m[K [01;31m[Kerror: [m[Kexpected â€˜[01m[K}[m[Kâ€™ at end of input
[2.589s]   155 |             RCLCPP_INFO[01;31m[K([m[Kthis->get_logger(), "åœ†å¿ƒä½ç½®è®¡ç®—å®Œæˆï¼ŒåŸç‚¹ä½ç½®ä¸ºï¼šx = %.3f , y = %.3f , è·ç¦»ä¸ºï¼š %.3f", avg_x, avg_y,std::sqrt(avg_x*avg_x + avg_y*avg_y);
[2.589s]       |                        [01;31m[K^[m[K
[2.589s] [01m[K/home/Elaina/lidarfind/lidarfind_ws/src/cpp_get_pkg/src/FindLidar.cpp:30:1:[m[K [01;36m[Knote: [m[Kto match this â€˜[01m[K{[m[Kâ€™
[2.589s]    30 | [01;36m[K{[m[K
[2.589s]       | [01;36m[K^[m[K
[2.593s] [01m[K/home/Elaina/lidarfind/lidarfind_ws/src/cpp_get_pkg/src/FindLidar.cpp:[m[K In constructor â€˜[01m[KFindLidar::FindLidar()[m[Kâ€™:
[2.593s] [01m[K/home/Elaina/lidarfind/lidarfind_ws/src/cpp_get_pkg/src/FindLidar.cpp:40:9:[m[K [01;31m[Kerror: [m[Kâ€˜[01m[Kstr[m[Kâ€™ was not declared in this scope; did you mean â€˜[01m[Kstd[m[Kâ€™?
[2.594s]    40 |         [01;31m[Kstr[m[K = this->create_publisher<std_msgs::msg::String>("topic", 10);
[2.594s]       |         [01;31m[K^~~[m[K
[2.594s]       |         [32m[Kstd[m[K
[2.601s] [01m[K/home/Elaina/lidarfind/lidarfind_ws/src/cpp_get_pkg/src/FindLidar.cpp:41:9:[m[K [01;31m[Kerror: [m[Kâ€˜[01m[Ktimer[m[Kâ€™ was not declared in this scope; did you mean â€˜[01m[Ktimex[m[Kâ€™?
[2.601s]    41 |         [01;31m[Ktimer[m[K = this->create_wall_timer(
[2.601s]       |         [01;31m[K^~~~~[m[K
[2.602s]       |         [32m[Ktimex[m[K
[2.615s] [01m[K/home/Elaina/lidarfind/lidarfind_ws/src/cpp_get_pkg/src/FindLidar.cpp:45:9:[m[K [01;31m[Kerror: [m[Kâ€˜[01m[Ktf_buffer[m[Kâ€™ was not declared in this scope; did you mean â€˜[01m[Ksetbuffer[m[Kâ€™?
[2.615s]    45 |         [01;31m[Ktf_buffer[m[K = std::make_shared<tf2_ros::Buffer>(this->get_clock());
[2.615s]       |         [01;31m[K^~~~~~~~~[m[K
[2.615s]       |         [32m[Ksetbuffer[m[K
[2.623s] [01m[K/home/Elaina/lidarfind/lidarfind_ws/src/cpp_get_pkg/src/FindLidar.cpp:46:9:[m[K [01;31m[Kerror: [m[Kâ€˜[01m[Ktf_listener[m[Kâ€™ was not declared in this scope
[2.623s]    46 |         [01;31m[Ktf_listener[m[K = std::make_shared<tf2_ros::TransformListener>(*tf_buffer);
[2.623s]       |         [01;31m[K^~~~~~~~~~~[m[K
[2.630s] [01m[K/home/Elaina/lidarfind/lidarfind_ws/src/cpp_get_pkg/src/FindLidar.cpp:47:9:[m[K [01;31m[Kerror: [m[Kâ€˜[01m[Ktf_broadcaster[m[Kâ€™ was not declared in this scope
[2.630s]    47 |         [01;31m[Ktf_broadcaster[m[K = std::make_unique<tf2_ros::TransformBroadcaster>(*this);
[2.630s]       |         [01;31m[K^~~~~~~~~~~~~~[m[K
[2.642s] [01m[K/home/Elaina/lidarfind/lidarfind_ws/src/cpp_get_pkg/src/FindLidar.cpp:[m[K In member function â€˜[01m[Kint FindLidar::GetTFMessage(FindLidar::SaveTFData&)[m[Kâ€™:
[2.643s] [01m[K/home/Elaina/lidarfind/lidarfind_ws/src/cpp_get_pkg/src/FindLidar.cpp:58:69:[m[K [01;31m[Kerror: [m[Kâ€˜[01m[Ktf_buffer[m[Kâ€™ was not declared in this scope; did you mean â€˜[01m[Ksetbuffer[m[Kâ€™?
[2.643s]    58 |             geometry_msgs::msg::TransformStamped transformStamped = [01;31m[Ktf_buffer[m[K->lookupTransform("camera_init", "aft_mapped", tf2::TimePointZero);
[2.643s]       |                                                                     [01;31m[K^~~~~~~~~[m[K
[2.643s]       |                                                                     [32m[Ksetbuffer[m[K
[2.649s] [01m[K/home/Elaina/lidarfind/lidarfind_ws/src/cpp_get_pkg/src/FindLidar.cpp:[m[K In member function â€˜[01m[Kvoid FindLidar::SaveTFMessage()[m[Kâ€™:
[2.649s] [01m[K/home/Elaina/lidarfind/lidarfind_ws/src/cpp_get_pkg/src/FindLidar.cpp:101:9:[m[K [01;31m[Kerror: [m[Kâ€˜[01m[KPlaceList[m[Kâ€™ was not declared in this scope
[2.649s]   101 |         [01;31m[KPlaceList[m[K.push_back(lidar_tf);
[2.649s]       |         [01;31m[K^~~~~~~~~[m[K
[2.659s] [01m[K/home/Elaina/lidarfind/lidarfind_ws/src/cpp_get_pkg/src/FindLidar.cpp:[m[K In member function â€˜[01m[Kvoid FindLidar::ProcessData(int)[m[Kâ€™:
[2.659s] [01m[K/home/Elaina/lidarfind/lidarfind_ws/src/cpp_get_pkg/src/FindLidar.cpp:112:17:[m[K [01;31m[Kerror: [m[Kâ€˜[01m[KPlaceList[m[Kâ€™ was not declared in this scope
[2.659s]   112 |             if ([01;31m[KPlaceList[m[K.size() < MIN_POINT)
[2.659s]       |                 [01;31m[K^~~~~~~~~[m[K
[2.668s] [01m[K/home/Elaina/lidarfind/lidarfind_ws/src/cpp_get_pkg/src/FindLidar.cpp:118:37:[m[K [01;31m[Kerror: [m[Kâ€˜[01m[KPlaceList[m[Kâ€™ was not declared in this scope
[2.668s]   118 |             SaveTFData last_state = [01;31m[KPlaceList[m[K.back(); // å–æœ€åä¸€ä¸ªç‚¹ä½ä½œä¸ºå‚è€ƒ
[2.668s]       |                                     [01;31m[K^~~~~~~~~[m[K
[2.681s] [01m[K/home/Elaina/lidarfind/lidarfind_ws/src/cpp_get_pkg/src/FindLidar.cpp:144:17:[m[K [01;31m[Kerror: [m[Kâ€˜[01m[Krandom_points[m[Kâ€™ was not declared in this scope; did you mean â€˜[01m[Krandom_data[m[Kâ€™?
[2.681s]   144 |                 [01;31m[Krandom_points[m[K.assign(PlaceList.begin(), PlaceList.begin() + 3 * (i + 1));
[2.681s]       |                 [01;31m[K^~~~~~~~~~~~~[m[K
[2.681s]       |                 [32m[Krandom_data[m[K
[2.690s] [01m[K/home/Elaina/lidarfind/lidarfind_ws/src/cpp_get_pkg/src/FindLidar.cpp:145:17:[m[K [01;31m[Kerror: [m[Kâ€˜[01m[KFindLidarOrigin[m[Kâ€™ was not declared in this scope
[2.690s]   145 |                 [01;31m[KFindLidarOrigin[m[K();
[2.690s]       |                 [01;31m[K^~~~~~~~~~~~~~~[m[K
[2.698s] [01m[K/home/Elaina/lidarfind/lidarfind_ws/src/cpp_get_pkg/src/FindLidar.cpp:148:33:[m[K [01;31m[Kerror: [m[Kâ€˜[01m[Kcenter[m[Kâ€™ was not declared in this scope
[2.698s]   148 |             for (int i = 0; i < [01;31m[Kcenter[m[K.size(); ++i) // è®¡ç®—å¹³å‡å€¼
[2.698s]       |                                 [01;31m[K^~~~~~[m[K
[2.706s] [01m[K/home/Elaina/lidarfind/lidarfind_ws/src/cpp_get_pkg/src/FindLidar.cpp:153:22:[m[K [01;31m[Kerror: [m[Kâ€˜[01m[Kcenter[m[Kâ€™ was not declared in this scope
[2.706s]   153 |             avg_x /= [01;31m[Kcenter[m[K.size();
[2.707s]       |                      [01;31m[K^~~~~~[m[K
[2.715s] [01m[K/home/Elaina/lidarfind/lidarfind_ws/src/cpp_get_pkg/src/FindLidar.cpp:155:13:[m[K [01;31m[Kerror: [m[Kâ€˜[01m[KRCLCPP_INFO[m[Kâ€™ was not declared in this scope
[2.715s]   155 |             [01;31m[KRCLCPP_INFO[m[K(this->get_logger(), "åœ†å¿ƒä½ç½®è®¡ç®—å®Œæˆï¼ŒåŸç‚¹ä½ç½®ä¸ºï¼šx = %.3f , y = %.3f , è·ç¦»ä¸ºï¼š %.3f", avg_x, avg_y,std::sqrt(avg_x*avg_x + avg_y*avg_y);
[2.715s]       |             [01;31m[K^~~~~~~~~~~[m[K
[2.715s] [01m[K/home/Elaina/lidarfind/lidarfind_ws/src/cpp_get_pkg/src/FindLidar.cpp:155:24:[m[K [01;31m[Kerror: [m[Kexpected â€˜[01m[K}[m[Kâ€™ at end of input
[2.715s]   155 |             RCLCPP_INFO[01;31m[K([m[Kthis->get_logger(), "åœ†å¿ƒä½ç½®è®¡ç®—å®Œæˆï¼ŒåŸç‚¹ä½ç½®ä¸ºï¼šx = %.3f , y = %.3f , è·ç¦»ä¸ºï¼š %.3f", avg_x, avg_y,std::sqrt(avg_x*avg_x + avg_y*avg_y);
[2.715s]       |                        [01;31m[K^[m[K
[2.715s] [01m[K/home/Elaina/lidarfind/lidarfind_ws/src/cpp_get_pkg/src/FindLidar.cpp:111:9:[m[K [01;36m[Knote: [m[Kto match this â€˜[01m[K{[m[Kâ€™
[2.715s]   111 |         [01;36m[K{[m[K
[2.715s]       |         [01;36m[K^[m[K
[2.715s] [01m[K/home/Elaina/lidarfind/lidarfind_ws/src/cpp_get_pkg/src/FindLidar.cpp:155:24:[m[K [01;31m[Kerror: [m[Kexpected â€˜[01m[K}[m[Kâ€™ at end of input
[2.715s]   155 |             RCLCPP_INFO[01;31m[K([m[Kthis->get_logger(), "åœ†å¿ƒä½ç½®è®¡ç®—å®Œæˆï¼ŒåŸç‚¹ä½ç½®ä¸ºï¼šx = %.3f , y = %.3f , è·ç¦»ä¸ºï¼š %.3f", avg_x, avg_y,std::sqrt(avg_x*avg_x + avg_y*avg_y);
[2.716s]       |                        [01;31m[K^[m[K
[2.716s] [01m[K/home/Elaina/lidarfind/lidarfind_ws/src/cpp_get_pkg/src/FindLidar.cpp:109:5:[m[K [01;36m[Knote: [m[Kto match this â€˜[01m[K{[m[Kâ€™
[2.716s]   109 |     [01;36m[K{[m[K
[2.716s]       |     [01;36m[K^[m[K
[2.716s] [01m[K/home/Elaina/lidarfind/lidarfind_ws/src/cpp_get_pkg/src/FindLidar.cpp:[m[K At global scope:
[2.716s] [01m[K/home/Elaina/lidarfind/lidarfind_ws/src/cpp_get_pkg/src/FindLidar.cpp:155:24:[m[K [01;31m[Kerror: [m[Kexpected unqualified-id at end of input
[2.716s]   155 |             RCLCPP_INFO[01;31m[K([m[Kthis->get_logger(), "åœ†å¿ƒä½ç½®è®¡ç®—å®Œæˆï¼ŒåŸç‚¹ä½ç½®ä¸ºï¼šx = %.3f , y = %.3f , è·ç¦»ä¸ºï¼š %.3f", avg_x, avg_y,std::sqrt(avg_x*avg_x + avg_y*avg_y);
[2.716s]       |                        [01;31m[K^[m[K
[3.597s] gmake[2]: *** [CMakeFiles/FindLidar.dir/build.make:76: CMakeFiles/FindLidar.dir/src/FindLidar.cpp.o] Error 1
[3.598s] gmake[1]: *** [CMakeFiles/Makefile2:137: CMakeFiles/FindLidar.dir/all] Error 2
[3.598s] gmake: *** [Makefile:146: all] Error 2
[3.601s] Invoked command in '/home/Elaina/lidarfind/lidarfind_ws/build/cpp_get_pkg' returned '2': CMAKE_PREFIX_PATH=${CMAKE_PREFIX_PATH}:/home/Elaina/packages/ros_ws/install/ros_tcp_endpoint:/home/Elaina/packages/ros_ws/install/robot_imu:/opt/ros/humble /usr/bin/cmake --build /home/Elaina/lidarfind/lidarfind_ws/build/cpp_get_pkg -- -j22 -l22
