[0.000000] (-) TimerEvent: {}
[0.000125] (cpp_get_pkg) JobQueued: {'identifier': 'cpp_get_pkg', 'dependencies': OrderedDict()}
[0.000901] (cpp_get_pkg) JobStarted: {'identifier': 'cpp_get_pkg'}
[0.009864] (cpp_get_pkg) JobProgress: {'identifier': 'cpp_get_pkg', 'progress': 'cmake'}
[0.010448] (cpp_get_pkg) JobProgress: {'identifier': 'cpp_get_pkg', 'progress': 'build'}
[0.011195] (cpp_get_pkg) Command: {'cmd': ['/usr/bin/cmake', '--build', '/home/Elaina/lidarfind/lidarfind_ws/build/cpp_get_pkg', '--', '-j22', '-l22'], 'cwd': '/home/Elaina/lidarfind/lidarfind_ws/build/cpp_get_pkg', 'env': OrderedDict([('PYTHON_BASIC_REPL', '1'), ('HOSTNAME', 'up70666-S700'), ('GIT_ASKPASS', '/vscode/vscode-server/bin/linux-x64/03c265b1adee71ac88f833e065f7bb956b60550a/extensions/git/dist/askpass.sh'), ('SHLVL', '2'), ('LD_LIBRARY_PATH', '/usr/local/lib:/usr/local/lib:/home/Elaina/packages/ros_ws/install/serial/lib:/home/Elaina/packages/ros_ws/install/rslidar_msg/lib:/home/Elaina/packages/ros_ws/install/hipnuc_lib_package/lib:/home/Elaina/packages/orbbec_ws/install/orbbec_camera/lib:/home/Elaina/packages/orbbec_ws/install/orbbec_camera_msgs/lib:/home/Elaina/packages/ws_livox/install/livox_ros_driver2/lib:/opt/ros/humble/opt/zenoh_cpp_vendor/lib:/opt/ros/humble/opt/rviz_ogre_vendor/lib:/opt/ros/humble/lib/x86_64-linux-gnu:/opt/ros/humble/lib'), ('BROWSER', '/vscode/vscode-server/bin/linux-x64/03c265b1adee71ac88f833e065f7bb956b60550a/bin/helpers/browser.sh'), ('OMP_WAIT_POLICY', 'passive'), ('HOME', '/home/Elaina'), ('TERM_PROGRAM_VERSION', '1.105.0'), ('VSCODE_IPC_HOOK_CLI', '/tmp/vscode-ipc-02def6be-fc2d-4022-b776-24114f7fcec9.sock'), ('ROS_PYTHON_VERSION', '3'), ('VSCODE_GIT_ASKPASS_MAIN', '/vscode/vscode-server/bin/linux-x64/03c265b1adee71ac88f833e065f7bb956b60550a/extensions/git/dist/askpass-main.js'), ('VSCODE_GIT_ASKPASS_NODE', '/vscode/vscode-server/bin/linux-x64/03c265b1adee71ac88f833e065f7bb956b60550a/node'), ('VSCODE_PYTHON_AUTOACTIVATE_GUARD', '1'), ('COLORTERM', 'truecolor'), ('REMOTE_CONTAINERS', 'true'), ('COLCON_PREFIX_PATH', '/home/Elaina/packages/ros_ws/install:/home/Elaina/packages/orbbec_ws/install:/home/Elaina/packages/ws_livox/install'), ('ROS_DISTRO', 'humble'), ('REMOTE_CONTAINERS_IPC', '/tmp/vscode-remote-containers-ipc-5d9d11a2-7341-4aae-b4db-e47b3ed761ca.sock'), ('_', '/usr/bin/colcon'), ('ROS_VERSION', '2'), ('NVIDIA_DRIVER_CAPABILITIES', 'all'), ('TERM', 'xterm-256color'), ('ROS_LOCALHOST_ONLY', '1'), ('PATH', '/vscode/vscode-server/bin/linux-x64/03c265b1adee71ac88f833e065f7bb956b60550a/bin/remote-cli:/home/Elaina/packages/ros_ws/install/oradar_lidar/bin:/opt/ros/humble/bin:/usr/local/sbin:/usr/local/bin:/usr/sbin:/usr/bin:/sbin:/bin:/home/Elaina/.vscode-server/data/User/globalStorage/github.copilot-chat/debugCommand'), ('REMOTE_CONTAINERS_SOCKETS', '["/tmp/vscode-ssh-auth-5d9d11a2-7341-4aae-b4db-e47b3ed761ca.sock","/home/Elaina/.gnupg/S.gpg-agent"]'), ('DISPLAY', ':0'), ('LANG', 'C.UTF-8'), ('PYTHONSTARTUP', '/home/Elaina/.vscode-server/data/User/workspaceStorage/73016bf787bb2408496ae367c6de5da1/ms-python.python/pythonrc.py'), ('LS_COLORS', 'rs=0:di=01;34:ln=01;36:mh=00:pi=40;33:so=01;35:do=01;35:bd=40;33;01:cd=40;33;01:or=40;31;01:mi=00:su=37;41:sg=30;43:ca=30;41:tw=30;42:ow=34;42:st=37;44:ex=01;32:*.tar=01;31:*.tgz=01;31:*.arc=01;31:*.arj=01;31:*.taz=01;31:*.lha=01;31:*.lz4=01;31:*.lzh=01;31:*.lzma=01;31:*.tlz=01;31:*.txz=01;31:*.tzo=01;31:*.t7z=01;31:*.zip=01;31:*.z=01;31:*.dz=01;31:*.gz=01;31:*.lrz=01;31:*.lz=01;31:*.lzo=01;31:*.xz=01;31:*.zst=01;31:*.tzst=01;31:*.bz2=01;31:*.bz=01;31:*.tbz=01;31:*.tbz2=01;31:*.tz=01;31:*.deb=01;31:*.rpm=01;31:*.jar=01;31:*.war=01;31:*.ear=01;31:*.sar=01;31:*.rar=01;31:*.alz=01;31:*.ace=01;31:*.zoo=01;31:*.cpio=01;31:*.7z=01;31:*.rz=01;31:*.cab=01;31:*.wim=01;31:*.swm=01;31:*.dwm=01;31:*.esd=01;31:*.jpg=01;35:*.jpeg=01;35:*.mjpg=01;35:*.mjpeg=01;35:*.gif=01;35:*.bmp=01;35:*.pbm=01;35:*.pgm=01;35:*.ppm=01;35:*.tga=01;35:*.xbm=01;35:*.xpm=01;35:*.tif=01;35:*.tiff=01;35:*.png=01;35:*.svg=01;35:*.svgz=01;35:*.mng=01;35:*.pcx=01;35:*.mov=01;35:*.mpg=01;35:*.mpeg=01;35:*.m2v=01;35:*.mkv=01;35:*.webm=01;35:*.webp=01;35:*.ogm=01;35:*.mp4=01;35:*.m4v=01;35:*.mp4v=01;35:*.vob=01;35:*.qt=01;35:*.nuv=01;35:*.wmv=01;35:*.asf=01;35:*.rm=01;35:*.rmvb=01;35:*.flc=01;35:*.avi=01;35:*.fli=01;35:*.flv=01;35:*.gl=01;35:*.dl=01;35:*.xcf=01;35:*.xwd=01;35:*.yuv=01;35:*.cgm=01;35:*.emf=01;35:*.ogv=01;35:*.ogx=01;35:*.aac=00;36:*.au=00;36:*.flac=00;36:*.m4a=00;36:*.mid=00;36:*.midi=00;36:*.mka=00;36:*.mp3=00;36:*.mpc=00;36:*.ogg=00;36:*.ra=00;36:*.wav=00;36:*.oga=00;36:*.opus=00;36:*.spx=00;36:*.xspf=00;36:'), ('VSCODE_GIT_IPC_HANDLE', '/tmp/vscode-git-61d35f7d81.sock'), ('TERM_PROGRAM', 'vscode'), ('SSH_AUTH_SOCK', '/tmp/vscode-ssh-auth-5d9d11a2-7341-4aae-b4db-e47b3ed761ca.sock'), ('AMENT_PREFIX_PATH', '/home/Elaina/packages/ros_ws/install/serial:/home/Elaina/packages/ros_ws/install/rslidar_sdk:/home/Elaina/packages/ros_ws/install/rslidar_msg:/home/Elaina/packages/ros_ws/install/ros_tcp_endpoint:/home/Elaina/packages/ros_ws/install/robot_imu:/home/Elaina/packages/ros_ws/install/oradar_lidar:/home/Elaina/packages/ros_ws/install/hipnuc_imu:/home/Elaina/packages/ros_ws/install/hipnuc_gnss:/home/Elaina/packages/ros_ws/install/hipnuc_lib_package:/home/Elaina/packages/ros_ws/install/fdilink_ahrs:/home/Elaina/packages/orbbec_ws/install/orbbec_description:/home/Elaina/packages/orbbec_ws/install/orbbec_camera:/home/Elaina/packages/orbbec_ws/install/orbbec_camera_msgs:/home/Elaina/packages/ws_livox/install/livox_ros_driver2:/opt/ros/humble'), ('SHELL', '/bin/bash'), ('VSCODE_GIT_ASKPASS_EXTRA_ARGS', ''), ('PWD', '/home/Elaina/lidarfind/lidarfind_ws/build/cpp_get_pkg'), ('LC_ALL', 'C.UTF-8'), ('PYTHONPATH', '/home/Elaina/packages/ros_ws/install/rslidar_msg/local/lib/python3.10/dist-packages:/home/Elaina/packages/ros_ws/install/ros_tcp_endpoint/lib/python3.10/site-packages:/home/Elaina/packages/ros_ws/install/robot_imu/lib/python3.10/site-packages:/home/Elaina/packages/orbbec_ws/install/orbbec_camera_msgs/local/lib/python3.10/dist-packages:/home/Elaina/packages/ws_livox/install/livox_ros_driver2/local/lib/python3.10/dist-packages:/opt/ros/humble/lib/python3.10/site-packages:/opt/ros/humble/local/lib/python3.10/dist-packages'), ('NVIDIA_VISIBLE_DEVICES', 'all'), ('COLCON', '1'), ('CMAKE_PREFIX_PATH', '/home/Elaina/packages/ros_ws/install/serial:/home/Elaina/packages/ros_ws/install/rslidar_sdk:/home/Elaina/packages/ros_ws/install/rslidar_msg:/home/Elaina/packages/ros_ws/install/oradar_lidar:/home/Elaina/packages/ros_ws/install/hipnuc_imu:/home/Elaina/packages/ros_ws/install/hipnuc_gnss:/home/Elaina/packages/ros_ws/install/hipnuc_lib_package:/home/Elaina/packages/ros_ws/install/fdilink_ahrs:/home/Elaina/packages/orbbec_ws/install/orbbec_description:/home/Elaina/packages/orbbec_ws/install/orbbec_camera:/home/Elaina/packages/orbbec_ws/install/orbbec_camera_msgs:/home/Elaina/packages/ws_livox/install/livox_ros_driver2:/home/Elaina/packages/ros_ws/install/ros_tcp_endpoint:/home/Elaina/packages/ros_ws/install/robot_imu:/opt/ros/humble')]), 'shell': False}
[0.048475] (cpp_get_pkg) StdoutLine: {'line': b'\x1b[35m\x1b[1mConsolidate compiler generated dependencies of target FindLidar\x1b[0m\n'}
[0.059685] (cpp_get_pkg) StdoutLine: {'line': b'[ 50%] \x1b[32mBuilding CXX object CMakeFiles/FindLidar.dir/src/FindLidar.cpp.o\x1b[0m\n'}
[0.099765] (-) TimerEvent: {}
[0.200096] (-) TimerEvent: {}
[0.300435] (-) TimerEvent: {}
[0.400769] (-) TimerEvent: {}
[0.501073] (-) TimerEvent: {}
[0.601411] (-) TimerEvent: {}
[0.701783] (-) TimerEvent: {}
[0.802230] (-) TimerEvent: {}
[0.902605] (-) TimerEvent: {}
[1.003023] (-) TimerEvent: {}
[1.103384] (-) TimerEvent: {}
[1.203752] (-) TimerEvent: {}
[1.304126] (-) TimerEvent: {}
[1.404505] (-) TimerEvent: {}
[1.504897] (-) TimerEvent: {}
[1.605324] (-) TimerEvent: {}
[1.651458] (cpp_get_pkg) StderrLine: {'line': b'\x1b[01m\x1b[K/home/Elaina/lidarfind/lidarfind_ws/src/cpp_get_pkg/src/FindLidar.cpp:\x1b[m\x1b[K In member function \xe2\x80\x98\x1b[01m\x1b[Kvoid FindLidar::ProcessData(int)\x1b[m\x1b[K\xe2\x80\x99:\n'}
[1.651715] (cpp_get_pkg) StderrLine: {'line': b'\x1b[01m\x1b[K/home/Elaina/lidarfind/lidarfind_ws/src/cpp_get_pkg/src/FindLidar.cpp:120:31:\x1b[m\x1b[K \x1b[01;35m\x1b[Kwarning: \x1b[m\x1b[Kcomparison of integer expressions of different signedness: \xe2\x80\x98\x1b[01m\x1b[Kint\x1b[m\x1b[K\xe2\x80\x99 and \xe2\x80\x98\x1b[01m\x1b[Kstd::vector<FindLidar::SaveTFData>::size_type\x1b[m\x1b[K\xe2\x80\x99 {aka \xe2\x80\x98\x1b[01m\x1b[Klong unsigned int\x1b[m\x1b[K\xe2\x80\x99} [\x1b[01;35m\x1b[K\x1b]8;;https://gcc.gnu.org/onlinedocs/gcc/Warning-Options.html#index-Wsign-compare\x07-Wsign-compare\x1b]8;;\x07\x1b[m\x1b[K]\n'}
[1.651805] (cpp_get_pkg) StderrLine: {'line': b'  120 |             for (int i = 0; \x1b[01;35m\x1b[Ki < PlaceList.size()\x1b[m\x1b[K; ++i)\n'}
[1.651872] (cpp_get_pkg) StderrLine: {'line': b'      |                             \x1b[01;35m\x1b[K~~^~~~~~~~~~~~~~~~~~\x1b[m\x1b[K\n'}
[1.652071] (cpp_get_pkg) StderrLine: {'line': b'\x1b[01m\x1b[K/home/Elaina/lidarfind/lidarfind_ws/src/cpp_get_pkg/src/FindLidar.cpp:145:31:\x1b[m\x1b[K \x1b[01;35m\x1b[Kwarning: \x1b[m\x1b[Kcomparison of integer expressions of different signedness: \xe2\x80\x98\x1b[01m\x1b[Kint\x1b[m\x1b[K\xe2\x80\x99 and \xe2\x80\x98\x1b[01m\x1b[Kstd::vector<FindLidar::SaveTFData>::size_type\x1b[m\x1b[K\xe2\x80\x99 {aka \xe2\x80\x98\x1b[01m\x1b[Klong unsigned int\x1b[m\x1b[K\xe2\x80\x99} [\x1b[01;35m\x1b[K\x1b]8;;https://gcc.gnu.org/onlinedocs/gcc/Warning-Options.html#index-Wsign-compare\x07-Wsign-compare\x1b]8;;\x07\x1b[m\x1b[K]\n'}
[1.652158] (cpp_get_pkg) StderrLine: {'line': b'  145 |             for (int i = 0; \x1b[01;35m\x1b[Ki < center.size()\x1b[m\x1b[K; ++i) // \xe8\xae\xa1\xe7\xae\x97\xe5\xb9\xb3\xe5\x9d\x87\xe5\x80\xbc\n'}
[1.652220] (cpp_get_pkg) StderrLine: {'line': b'      |                             \x1b[01;35m\x1b[K~~^~~~~~~~~~~~~~~\x1b[m\x1b[K\n'}
[1.656294] (cpp_get_pkg) StderrLine: {'line': b'\x1b[01m\x1b[K/home/Elaina/lidarfind/lidarfind_ws/src/cpp_get_pkg/src/FindLidar.cpp:153:13:\x1b[m\x1b[K \x1b[01;31m\x1b[Kerror: \x1b[m\x1b[K\xe2\x80\x98\x1b[01m\x1b[Kfile\x1b[m\x1b[K\xe2\x80\x99 was not declared in this scope\n'}
[1.656495] (cpp_get_pkg) StderrLine: {'line': b'  153 |             \x1b[01;31m\x1b[Kfile\x1b[m\x1b[K << "\xe5\x9c\x86\xe5\xbf\x83\xe4\xbd\x8d\xe7\xbd\xae\xe8\xae\xa1\xe7\xae\x97\xe5\xae\x8c\xe6\x88\x90\xef\xbc\x8c\xe5\x8e\x9f\xe7\x82\xb9\xe4\xbd\x8d\xe7\xbd\xae\xe4\xb8\xba\xef\xbc\x9ax = %.3f , y = %.3f", avg_x, avg_y << endl;\n'}
[1.656580] (cpp_get_pkg) StderrLine: {'line': b'      |             \x1b[01;31m\x1b[K^~~~\x1b[m\x1b[K\n'}
[1.657122] (cpp_get_pkg) StderrLine: {'line': b'\x1b[01m\x1b[K/home/Elaina/lidarfind/lidarfind_ws/src/cpp_get_pkg/src/FindLidar.cpp:153:90:\x1b[m\x1b[K \x1b[01;31m\x1b[Kerror: \x1b[m\x1b[K\xe2\x80\x98\x1b[01m\x1b[Kendl\x1b[m\x1b[K\xe2\x80\x99 was not declared in this scope; did you mean \xe2\x80\x98\x1b[01m\x1b[Kstd::endl\x1b[m\x1b[K\xe2\x80\x99?\n'}
[1.657258] (cpp_get_pkg) StderrLine: {'line': b'  153 |             file << "\xe5\x9c\x86\xe5\xbf\x83\xe4\xbd\x8d\xe7\xbd\xae\xe8\xae\xa1\xe7\xae\x97\xe5\xae\x8c\xe6\x88\x90\xef\xbc\x8c\xe5\x8e\x9f\xe7\x82\xb9\xe4\xbd\x8d\xe7\xbd\xae\xe4\xb8\xba\xef\xbc\x9ax = %.3f , y = %.3f", avg_x, avg_y << \x1b[01;31m\x1b[Kendl\x1b[m\x1b[K;\n'}
[1.657327] (cpp_get_pkg) StderrLine: {'line': b'      |                                                                                          \x1b[01;31m\x1b[K^~~~\x1b[m\x1b[K\n'}
[1.657391] (cpp_get_pkg) StderrLine: {'line': b'      |                                                                                          \x1b[32m\x1b[Kstd::endl\x1b[m\x1b[K\n'}
[1.657454] (cpp_get_pkg) StderrLine: {'line': b'In file included from \x1b[01m\x1b[K/usr/include/c++/11/iostream:39\x1b[m\x1b[K,\n'}
[1.657514] (cpp_get_pkg) StderrLine: {'line': b'                 from \x1b[01m\x1b[K/opt/ros/humble/include/rclcpp/rclcpp/executor.hpp:22\x1b[m\x1b[K,\n'}
[1.657575] (cpp_get_pkg) StderrLine: {'line': b'                 from \x1b[01m\x1b[K/opt/ros/humble/include/rclcpp/rclcpp/executors/multi_threaded_executor.hpp:25\x1b[m\x1b[K,\n'}
[1.657634] (cpp_get_pkg) StderrLine: {'line': b'                 from \x1b[01m\x1b[K/opt/ros/humble/include/rclcpp/rclcpp/executors.hpp:21\x1b[m\x1b[K,\n'}
[1.657703] (cpp_get_pkg) StderrLine: {'line': b'                 from \x1b[01m\x1b[K/opt/ros/humble/include/rclcpp/rclcpp/rclcpp.hpp:155\x1b[m\x1b[K,\n'}
[1.657759] (cpp_get_pkg) StderrLine: {'line': b'                 from \x1b[01m\x1b[K/home/Elaina/lidarfind/lidarfind_ws/src/cpp_get_pkg/src/FindLidar.cpp:1\x1b[m\x1b[K:\n'}
[1.657816] (cpp_get_pkg) StderrLine: {'line': b'\x1b[01m\x1b[K/usr/include/c++/11/ostream:684:5:\x1b[m\x1b[K \x1b[01;36m\x1b[Knote: \x1b[m\x1b[K\xe2\x80\x98\x1b[01m\x1b[Kstd::endl\x1b[m\x1b[K\xe2\x80\x99 declared here\n'}
[1.657875] (cpp_get_pkg) StderrLine: {'line': b'  684 |     \x1b[01;36m\x1b[Kendl\x1b[m\x1b[K(basic_ostream<_CharT, _Traits>& __os)\n'}
[1.657982] (cpp_get_pkg) StderrLine: {'line': b'      |     \x1b[01;36m\x1b[K^~~~\x1b[m\x1b[K\n'}
[1.658040] (cpp_get_pkg) StderrLine: {'line': b'\x1b[01m\x1b[K/home/Elaina/lidarfind/lidarfind_ws/src/cpp_get_pkg/src/FindLidar.cpp:\x1b[m\x1b[K In function \xe2\x80\x98\x1b[01m\x1b[Kint main(int, char**)\x1b[m\x1b[K\xe2\x80\x99:\n'}
[1.658097] (cpp_get_pkg) StderrLine: {'line': b'\x1b[01m\x1b[K/home/Elaina/lidarfind/lidarfind_ws/src/cpp_get_pkg/src/FindLidar.cpp:199:38:\x1b[m\x1b[K \x1b[01;31m\x1b[Kerror: \x1b[m\x1b[K\xe2\x80\x98\x1b[01m\x1b[Kios\x1b[m\x1b[K\xe2\x80\x99 has not been declared\n'}
[1.658160] (cpp_get_pkg) StderrLine: {'line': b'  199 |     std::ofstream file("output.txt", \x1b[01;31m\x1b[Kios\x1b[m\x1b[K::app);\n'}
[1.658222] (cpp_get_pkg) StderrLine: {'line': b'      |                                      \x1b[01;31m\x1b[K^~~\x1b[m\x1b[K\n'}
[1.705428] (-) TimerEvent: {}
[1.805805] (-) TimerEvent: {}
[1.906130] (-) TimerEvent: {}
[2.006428] (-) TimerEvent: {}
[2.106776] (-) TimerEvent: {}
[2.207141] (-) TimerEvent: {}
[2.258065] (cpp_get_pkg) StderrLine: {'line': b'gmake[2]: *** [CMakeFiles/FindLidar.dir/build.make:76: CMakeFiles/FindLidar.dir/src/FindLidar.cpp.o] Error 1\n'}
[2.258315] (cpp_get_pkg) StderrLine: {'line': b'gmake[1]: *** [CMakeFiles/Makefile2:137: CMakeFiles/FindLidar.dir/all] Error 2\n'}
[2.258551] (cpp_get_pkg) StderrLine: {'line': b'gmake: *** [Makefile:146: all] Error 2\n'}
[2.261256] (cpp_get_pkg) CommandEnded: {'returncode': 2}
[2.269874] (cpp_get_pkg) JobEnded: {'identifier': 'cpp_get_pkg', 'rc': 2}
[2.280244] (-) EventReactorShutdown: {}
